Tue Mar 8 19:51:39 2022 +0000,57c151a9
Thu Mar 3 15:25:42 2022 +0000,0bc1bda8
Thu Feb 24 14:51:51 2022 +0000,86871fba
Tue Feb 22 14:21:34 2022 +0000,2ba0f652
Fri Feb 18 21:20:42 2022 +0000,d1b366e8
Wed Feb 16 23:51:46 2022 +0000,d46be473
Wed Feb 16 13:24:59 2022 +0000,d751d2a4
Mon Feb 14 14:31:55 2022 +0000,31b932ff
Fri Feb 11 02:10:54 2022 +0000,420366b6
Wed Feb 9 14:51:55 2022 +0000,6b9e3e18
Mon Feb 7 15:24:09 2022 +0000,48715066
Fri Feb 4 14:18:06 2022 +0000,e8f5c603
Wed Feb 2 14:20:40 2022 +0000,557dda26
Tue Feb 1 14:28:29 2022 +0000,8655fc18
Sat Jan 29 22:44:08 2022 +0000,691a3221
Fri Jan 28 22:22:17 2022 +0000,2a4954bc
Fri Jan 28 14:32:09 2022 +0000,e411ac52
Thu Jan 27 19:51:46 2022 +0000,ad41dbcf
Wed Jan 26 13:02:09 2022 +0000,b6ca8284
Tue Jan 25 14:27:00 2022 +0000,15498dda
Mon Jan 24 14:26:30 2022 +0000,aba89058
Fri Jan 21 23:30:18 2022 +0000,30d15a03
Wed Jan 19 16:16:21 2022 +0000,2460a1fc
Wed Jan 19 13:25:43 2022 +0000,5272a8ea
Fri Jan 14 20:42:02 2022 +0000,69cabc1e
Thu Jan 13 15:24:22 2022 +0000,f86459b5
Wed Jan 12 13:11:11 2022 +0000,5acc4692
Tue Jan 11 13:40:56 2022 +0000,6f1e83bb
Mon Jan 10 15:27:35 2022 +0000,a66d17a3
Sat Jan 8 04:01:46 2022 +0000,c8dc3b92
Fri Jan 7 13:40:33 2022 +0000,19d656b9
Wed Jan 5 23:15:08 2022 +0000,6ba997e1
Wed Jan 5 11:20:37 2022 +0000,22a399ec
Wed Jan 5 10:30:08 2022 +0000,51a57c14
Tue Jan 4 23:39:46 2022 +0000,da447cf9
Tue Jan 4 22:01:51 2022 +0000,04a3d683
Mon Jan 3 22:35:33 2022 +0000,eaab6ea5